# JRE version: OpenJDK Runtime Environment (Zulu 8.58.0.13-CA-macosx) (8.0_312-b07) (build 1.8.0_312-b07)
# Java VM: OpenJDK 64-Bit Server VM (25.312-b07 mixed mode bsd-amd64 compressed oops)
Heap:
 PSYoungGen      total 229376K, used 14363K [0x00000007b0000000, 0x00000007c0000000, 0x00000007c0000000)
  eden space 196608K, 0% used [0x00000007b0000000,0x00000007b0000000,0x00000007bc000000)
  from space 32768K, 43% used [0x00000007bc000000,0x00000007bce06d60,0x00000007be000000)
  to   space 32768K, 0% used [0x00000007be000000,0x00000007be000000,0x00000007c0000000)
 ParOldGen       total 524288K, used 32K [0x0000000790000000, 0x00000007b0000000, 0x00000007b0000000)
  object space 524288K, 0% used [0x0000000790000000,0x0000000790008000,0x00000007b0000000)
 Metaspace       used 20667K, capacity 21176K, committed 21296K, reserved 1069056K
  class space    used 2495K, capacity 2659K, committed 2688K, reserved 1048576K
GC Heap History (7 events):
Event: 1.933 GC heap before
{Heap before GC invocations=1 (full 0):
 PSYoungGen      total 229376K, used 196608K [0x00000007b0000000, 0x00000007c0000000, 0x00000007c0000000)
  eden space 196608K, 100% used [0x00000007b0000000,0x00000007bc000000,0x00000007bc000000)
  from space 32768K, 0% used [0x00000007be000000,0x00000007be000000,0x00000007c0000000)
  to   space 32768K, 0% used [0x00000007bc000000,0x00000007bc000000,0x00000007be000000)
 ParOldGen       total 524288K, used 0K [0x0000000790000000, 0x00000007b0000000, 0x00000007b0000000)
  object space 524288K, 0% used [0x0000000790000000,0x0000000790000000,0x00000007b0000000)
 Metaspace       used 15742K, capacity 16080K, committed 16384K, reserved 1062912K
  class space    used 1853K, capacity 1958K, committed 2048K, reserved 1048576K
Event: 1.945 GC heap after
Heap after GC invocations=1 (full 0):
 PSYoungGen      total 229376K, used 13611K [0x00000007b0000000, 0x00000007c0000000, 0x00000007c0000000)
  eden space 196608K, 0% used [0x00000007b0000000,0x00000007b0000000,0x00000007bc000000)
  from space 32768K, 41% used [0x00000007bc000000,0x00000007bcd4af78,0x00000007be000000)
  to   space 32768K, 0% used [0x00000007be000000,0x00000007be000000,0x00000007c0000000)
 ParOldGen       total 524288K, used 16K [0x0000000790000000, 0x00000007b0000000, 0x00000007b0000000)
  object space 524288K, 0% used [0x0000000790000000,0x0000000790004000,0x00000007b0000000)
 Metaspace       used 15742K, capacity 16080K, committed 16384K, reserved 1062912K
  class space    used 1853K, capacity 1958K, committed 2048K, reserved 1048576K
}
Event: 2.635 GC heap before
{Heap before GC invocations=2 (full 0):
 PSYoungGen      total 229376K, used 210219K [0x00000007b0000000, 0x00000007c0000000, 0x00000007c0000000)
  eden space 196608K, 100% used [0x00000007b0000000,0x00000007bc000000,0x00000007bc000000)
  from space 32768K, 41% used [0x00000007bc000000,0x00000007bcd4af78,0x00000007be000000)
  to   space 32768K, 0% used [0x00000007be000000,0x00000007be000000,0x00000007c0000000)
 ParOldGen       total 524288K, used 16K [0x0000000790000000, 0x00000007b0000000, 0x00000007b0000000)
  object space 524288K, 0% used [0x0000000790000000,0x0000000790004000,0x00000007b0000000)
 Metaspace       used 18763K, capacity 19156K, committed 19328K, reserved 1067008K
  class space    used 2228K, capacity 2340K, committed 2432K, reserved 1048576K
Event: 2.646 GC heap after
Heap after GC invocations=2 (full 0):
 PSYoungGen      total 229376K, used 12493K [0x00000007b0000000, 0x00000007c0000000, 0x00000007c0000000)
  eden space 196608K, 0% used [0x00000007b0000000,0x00000007b0000000,0x00000007bc000000)
  from space 32768K, 38% used [0x00000007be000000,0x00000007bec33458,0x00000007c0000000)
  to   space 32768K, 0% used [0x00000007bc000000,0x00000007bc000000,0x00000007be000000)
 ParOldGen       total 524288K, used 24K [0x0000000790000000, 0x00000007b0000000, 0x00000007b0000000)
  object space 524288K, 0% used [0x0000000790000000,0x0000000790006000,0x00000007b0000000)
 Metaspace       used 18763K, capacity 19156K, committed 19328K, reserved 1067008K
  class space    used 2228K, capacity 2340K, committed 2432K, reserved 1048576K
}
Event: 3.021 GC heap before
{Heap before GC invocations=3 (full 0):
 PSYoungGen      total 229376K, used 103117K [0x00000007b0000000, 0x00000007c0000000, 0x00000007c0000000)
  eden space 196608K, 46% used [0x00000007b0000000,0x00000007b58801a8,0x00000007bc000000)
  from space 32768K, 38% used [0x00000007be000000,0x00000007bec33458,0x00000007c0000000)
  to   space 32768K, 0% used [0x00000007bc000000,0x00000007bc000000,0x00000007be000000)
 ParOldGen       total 524288K, used 24K [0x0000000790000000, 0x00000007b0000000, 0x00000007b0000000)
  object space 524288K, 0% used [0x0000000790000000,0x0000000790006000,0x00000007b0000000)
 Metaspace       used 20667K, capacity 21176K, committed 21296K, reserved 1069056K
  class space    used 2495K, capacity 2659K, committed 2688K, reserved 1048576K
Event: 3.030 GC heap after
Heap after GC invocations=3 (full 0):
 PSYoungGen      total 229376K, used 14363K [0x00000007b0000000, 0x00000007c0000000, 0x00000007c0000000)
  eden space 196608K, 0% used [0x00000007b0000000,0x00000007b0000000,0x00000007bc000000)
  from space 32768K, 43% used [0x00000007bc000000,0x00000007bce06d60,0x00000007be000000)
  to   space 32768K, 0% used [0x00000007be000000,0x00000007be000000,0x00000007c0000000)
 ParOldGen       total 524288K, used 32K [0x0000000790000000, 0x00000007b0000000, 0x00000007b0000000)
  object space 524288K, 0% used [0x0000000790000000,0x0000000790008000,0x00000007b0000000)
 Metaspace       used 20667K, capacity 21176K, committed 21296K, reserved 1069056K
  class space    used 2495K, capacity 2659K, committed 2688K, reserved 1048576K
}
Event: 3.030 GC heap before
{Heap before GC invocations=4 (full 1):
 PSYoungGen      total 229376K, used 14363K [0x00000007b0000000, 0x00000007c0000000, 0x00000007c0000000)
  eden space 196608K, 0% used [0x00000007b0000000,0x00000007b0000000,0x00000007bc000000)
  from space 32768K, 43% used [0x00000007bc000000,0x00000007bce06d60,0x00000007be000000)
  to   space 32768K, 0% used [0x00000007be000000,0x00000007be000000,0x00000007c0000000)
 ParOldGen       total 524288K, used 32K [0x0000000790000000, 0x00000007b0000000, 0x00000007b0000000)
  object space 524288K, 0% used [0x0000000790000000,0x0000000790008000,0x00000007b0000000)
 Metaspace       used 20667K, capacity 21176K, committed 21296K, reserved 1069056K
  class space    used 2495K, capacity 2659K, committed 2688K, reserved 1048576K

